<?xml version="1.0" encoding="UTF-8"?>
<!-- Generated by org.testng.reporters.JUnitXMLReporter -->
<testsuite hostname="LAPTOP-ITA0MG69" name="Default test" tests="21" failures="0" timestamp="30 Mar 2021 18:15:03 GMT" time="269.608" errors="0">
  <testcase name="addNewContactTest" time="1.785" classname="com.contactsApp.testCases.addContactPageTest"/>
  <testcase name="addNewContactTest" time="1.409" classname="com.contactsApp.testCases.addContactPageTest"/>
  <testcase name="addNewContactTest" time="1.493" classname="com.contactsApp.testCases.addContactPageTest"/>
  <testcase name="addNewContactTest" time="1.418" classname="com.contactsApp.testCases.addContactPageTest"/>
  <testcase name="addNewContactTest" time="1.423" classname="com.contactsApp.testCases.addContactPageTest"/>
  <testcase name="addNewContactTest" time="1.479" classname="com.contactsApp.testCases.addContactPageTest"/>
  <testcase name="addNewContactTest" time="1.427" classname="com.contactsApp.testCases.addContactPageTest"/>
  <testcase name="addNewContactTest" time="1.428" classname="com.contactsApp.testCases.addContactPageTest"/>
  <testcase name="addNewContactTest" time="1.462" classname="com.contactsApp.testCases.addContactPageTest"/>
  <testcase name="addNewContactTest" time="1.584" classname="com.contactsApp.testCases.addContactPageTest"/>
  <testcase name="addNewContactTest" time="1.321" classname="com.contactsApp.testCases.addContactPageTest"/>
  <testcase name="addNewContactTest" time="1.487" classname="com.contactsApp.testCases.addContactPageTest"/>
  <testcase name="addNewContactTest" time="1.509" classname="com.contactsApp.testCases.addContactPageTest"/>
  <testcase name="addNewContactTest" time="1.387" classname="com.contactsApp.testCases.addContactPageTest"/>
  <testcase name="addNewContactTest" time="1.415" classname="com.contactsApp.testCases.addContactPageTest"/>
  <testcase name="addNewContactTest" time="1.428" classname="com.contactsApp.testCases.addContactPageTest"/>
  <testcase name="addNewContactTest" time="1.333" classname="com.contactsApp.testCases.addContactPageTest"/>
  <testcase name="addNewContactTest" time="1.367" classname="com.contactsApp.testCases.addContactPageTest"/>
  <testcase name="addNewContactTest" time="1.406" classname="com.contactsApp.testCases.addContactPageTest"/>
  <testcase name="addNewContactTest" time="1.352" classname="com.contactsApp.testCases.addContactPageTest"/>
  <testcase name="addNewContactTest" time="1.481" classname="com.contactsApp.testCases.addContactPageTest"/>
</testsuite> <!-- Default test -->
