<?xml version="1.0" encoding="UTF-8"?>
<testng-results skipped="0" failed="0" total="21" passed="21">
  <reporter-output>
  </reporter-output>
  <suite name="Default suite" duration-ms="269608" started-at="2021-03-30T18:10:33Z" finished-at="2021-03-30T18:15:03Z">
    <groups>
    </groups>
    <test name="Default test" duration-ms="269608" started-at="2021-03-30T18:10:33Z" finished-at="2021-03-30T18:15:03Z">
      <class name="com.contactsApp.testCases.addContactPageTest">
        <test-method status="PASS" signature="setup()[pri:0, instance:com.contactsApp.testCases.addContactPageTest@90f6bfd]" name="setup" is-config="true" duration-ms="13207" started-at="2021-03-30T23:40:35Z" finished-at="2021-03-30T23:40:48Z">
          <reporter-output>
          </reporter-output>
        </test-method> <!-- setup -->
        <test-method status="PASS" signature="addNewContactTest(java.lang.String, java.lang.String, java.lang.String, java.lang.String, java.lang.String, java.lang.String, java.lang.String, java.lang.String)[pri:2, instance:com.contactsApp.testCases.addContactPageTest@90f6bfd]" name="addNewContactTest" duration-ms="1785" started-at="2021-03-30T23:40:48Z" data-provider="getContactsTestData" finished-at="2021-03-30T23:40:50Z">
          <params>
            <param index="0">
              <value>
                <![CDATA[Seema]]>
              </value>
            </param>
            <param index="1">
              <value>
                <![CDATA[Sharma]]>
              </value>
            </param>
            <param index="2">
              <value>
                <![CDATA[seemaTest@gmail.com]]>
              </value>
            </param>
            <param index="3">
              <value>
                <![CDATA[9418593119]]>
              </value>
            </param>
            <param index="4">
              <value>
                <![CDATA[Himachal Pradesh]]>
              </value>
            </param>
            <param index="5">
              <value>
                <![CDATA[Solan]]>
              </value>
            </param>
            <param index="6">
              <value>
                <![CDATA[17021964]]>
              </value>
            </param>
            <param index="7">
              <value>
                <![CDATA[Education]]>
              </value>
            </param>
          </params>
          <reporter-output>
          </reporter-output>
        </test-method> <!-- addNewContactTest -->
        <test-method status="PASS" signature="tearDown()[pri:0, instance:com.contactsApp.testCases.addContactPageTest@90f6bfd]" name="tearDown" is-config="true" duration-ms="1115" started-at="2021-03-30T23:40:50Z" finished-at="2021-03-30T23:40:51Z">
          <reporter-output>
          </reporter-output>
        </test-method> <!-- tearDown -->
        <test-method status="PASS" signature="setup()[pri:0, instance:com.contactsApp.testCases.addContactPageTest@90f6bfd]" name="setup" is-config="true" duration-ms="10720" started-at="2021-03-30T23:40:51Z" finished-at="2021-03-30T23:41:02Z">
          <reporter-output>
          </reporter-output>
        </test-method> <!-- setup -->
        <test-method status="PASS" signature="addNewContactTest(java.lang.String, java.lang.String, java.lang.String, java.lang.String, java.lang.String, java.lang.String, java.lang.String, java.lang.String)[pri:2, instance:com.contactsApp.testCases.addContactPageTest@90f6bfd]" name="addNewContactTest" duration-ms="1409" started-at="2021-03-30T23:41:02Z" data-provider="getContactsTestData" finished-at="2021-03-30T23:41:03Z">
          <params>
            <param index="0">
              <value>
                <![CDATA[Girish]]>
              </value>
            </param>
            <param index="1">
              <value>
                <![CDATA[Sharma]]>
              </value>
            </param>
            <param index="2">
              <value>
                <![CDATA[sharmagirish.58@gmail.com]]>
              </value>
            </param>
            <param index="3">
              <value>
                <![CDATA[8894983166]]>
              </value>
            </param>
            <param index="4">
              <value>
                <![CDATA[Himachal Pradesh]]>
              </value>
            </param>
            <param index="5">
              <value>
                <![CDATA[Solan]]>
              </value>
            </param>
            <param index="6">
              <value>
                <![CDATA[30031958]]>
              </value>
            </param>
            <param index="7">
              <value>
                <![CDATA[Education]]>
              </value>
            </param>
          </params>
          <reporter-output>
          </reporter-output>
        </test-method> <!-- addNewContactTest -->
        <test-method status="PASS" signature="tearDown()[pri:0, instance:com.contactsApp.testCases.addContactPageTest@90f6bfd]" name="tearDown" is-config="true" duration-ms="761" started-at="2021-03-30T23:41:03Z" finished-at="2021-03-30T23:41:04Z">
          <reporter-output>
          </reporter-output>
        </test-method> <!-- tearDown -->
        <test-method status="PASS" signature="setup()[pri:0, instance:com.contactsApp.testCases.addContactPageTest@90f6bfd]" name="setup" is-config="true" duration-ms="10031" started-at="2021-03-30T23:41:04Z" finished-at="2021-03-30T23:41:14Z">
          <reporter-output>
          </reporter-output>
        </test-method> <!-- setup -->
        <test-method status="PASS" signature="addNewContactTest(java.lang.String, java.lang.String, java.lang.String, java.lang.String, java.lang.String, java.lang.String, java.lang.String, java.lang.String)[pri:2, instance:com.contactsApp.testCases.addContactPageTest@90f6bfd]" name="addNewContactTest" duration-ms="1493" started-at="2021-03-30T23:41:14Z" data-provider="getContactsTestData" finished-at="2021-03-30T23:41:15Z">
          <params>
            <param index="0">
              <value>
                <![CDATA[Shivam]]>
              </value>
            </param>
            <param index="1">
              <value>
                <![CDATA[Sharma]]>
              </value>
            </param>
            <param index="2">
              <value>
                <![CDATA[sharmashivam@gmail.com]]>
              </value>
            </param>
            <param index="3">
              <value>
                <![CDATA[8219177482]]>
              </value>
            </param>
            <param index="4">
              <value>
                <![CDATA[Himachal Pradesh]]>
              </value>
            </param>
            <param index="5">
              <value>
                <![CDATA[Kangra]]>
              </value>
            </param>
            <param index="6">
              <value>
                <![CDATA[31071996]]>
              </value>
            </param>
            <param index="7">
              <value>
                <![CDATA[Business]]>
              </value>
            </param>
          </params>
          <reporter-output>
          </reporter-output>
        </test-method> <!-- addNewContactTest -->
        <test-method status="PASS" signature="tearDown()[pri:0, instance:com.contactsApp.testCases.addContactPageTest@90f6bfd]" name="tearDown" is-config="true" duration-ms="819" started-at="2021-03-30T23:41:15Z" finished-at="2021-03-30T23:41:16Z">
          <reporter-output>
          </reporter-output>
        </test-method> <!-- tearDown -->
        <test-method status="PASS" signature="setup()[pri:0, instance:com.contactsApp.testCases.addContactPageTest@90f6bfd]" name="setup" is-config="true" duration-ms="9930" started-at="2021-03-30T23:41:16Z" finished-at="2021-03-30T23:41:26Z">
          <reporter-output>
          </reporter-output>
        </test-method> <!-- setup -->
        <test-method status="PASS" signature="addNewContactTest(java.lang.String, java.lang.String, java.lang.String, java.lang.String, java.lang.String, java.lang.String, java.lang.String, java.lang.String)[pri:2, instance:com.contactsApp.testCases.addContactPageTest@90f6bfd]" name="addNewContactTest" duration-ms="1418" started-at="2021-03-30T23:41:26Z" data-provider="getContactsTestData" finished-at="2021-03-30T23:41:28Z">
          <params>
            <param index="0">
              <value>
                <![CDATA[Vibhuti]]>
              </value>
            </param>
            <param index="1">
              <value>
                <![CDATA[Sharma]]>
              </value>
            </param>
            <param index="2">
              <value>
                <![CDATA[vibhuti@testmail.com]]>
              </value>
            </param>
            <param index="3">
              <value>
                <![CDATA[8580481328]]>
              </value>
            </param>
            <param index="4">
              <value>
                <![CDATA[Himachal Pradesh]]>
              </value>
            </param>
            <param index="5">
              <value>
                <![CDATA[Solan]]>
              </value>
            </param>
            <param index="6">
              <value>
                <![CDATA[15081992]]>
              </value>
            </param>
            <param index="7">
              <value>
                <![CDATA[Unemployed]]>
              </value>
            </param>
          </params>
          <reporter-output>
          </reporter-output>
        </test-method> <!-- addNewContactTest -->
        <test-method status="PASS" signature="tearDown()[pri:0, instance:com.contactsApp.testCases.addContactPageTest@90f6bfd]" name="tearDown" is-config="true" duration-ms="774" started-at="2021-03-30T23:41:28Z" finished-at="2021-03-30T23:41:28Z">
          <reporter-output>
          </reporter-output>
        </test-method> <!-- tearDown -->
        <test-method status="PASS" signature="setup()[pri:0, instance:com.contactsApp.testCases.addContactPageTest@90f6bfd]" name="setup" is-config="true" duration-ms="10037" started-at="2021-03-30T23:41:28Z" finished-at="2021-03-30T23:41:38Z">
          <reporter-output>
          </reporter-output>
        </test-method> <!-- setup -->
        <test-method status="PASS" signature="addNewContactTest(java.lang.String, java.lang.String, java.lang.String, java.lang.String, java.lang.String, java.lang.String, java.lang.String, java.lang.String)[pri:2, instance:com.contactsApp.testCases.addContactPageTest@90f6bfd]" name="addNewContactTest" duration-ms="1423" started-at="2021-03-30T23:41:38Z" data-provider="getContactsTestData" finished-at="2021-03-30T23:41:40Z">
          <params>
            <param index="0">
              <value>
                <![CDATA[Deepty]]>
              </value>
            </param>
            <param index="1">
              <value>
                <![CDATA[Balla]]>
              </value>
            </param>
            <param index="2">
              <value>
                <![CDATA[deepty.balla30@gmail.com]]>
              </value>
            </param>
            <param index="3">
              <value>
                <![CDATA[8698851333]]>
              </value>
            </param>
            <param index="4">
              <value>
                <![CDATA[Maharashtra]]>
              </value>
            </param>
            <param index="5">
              <value>
                <![CDATA[Nagpur]]>
              </value>
            </param>
            <param index="6">
              <value>
                <![CDATA[30121992]]>
              </value>
            </param>
            <param index="7">
              <value>
                <![CDATA[LTI]]>
              </value>
            </param>
          </params>
          <reporter-output>
          </reporter-output>
        </test-method> <!-- addNewContactTest -->
        <test-method status="PASS" signature="tearDown()[pri:0, instance:com.contactsApp.testCases.addContactPageTest@90f6bfd]" name="tearDown" is-config="true" duration-ms="776" started-at="2021-03-30T23:41:40Z" finished-at="2021-03-30T23:41:41Z">
          <reporter-output>
          </reporter-output>
        </test-method> <!-- tearDown -->
        <test-method status="PASS" signature="setup()[pri:0, instance:com.contactsApp.testCases.addContactPageTest@90f6bfd]" name="setup" is-config="true" duration-ms="10003" started-at="2021-03-30T23:41:41Z" finished-at="2021-03-30T23:41:51Z">
          <reporter-output>
          </reporter-output>
        </test-method> <!-- setup -->
        <test-method status="PASS" signature="addNewContactTest(java.lang.String, java.lang.String, java.lang.String, java.lang.String, java.lang.String, java.lang.String, java.lang.String, java.lang.String)[pri:2, instance:com.contactsApp.testCases.addContactPageTest@90f6bfd]" name="addNewContactTest" duration-ms="1479" started-at="2021-03-30T23:41:51Z" data-provider="getContactsTestData" finished-at="2021-03-30T23:41:52Z">
          <params>
            <param index="0">
              <value>
                <![CDATA[Atishay]]>
              </value>
            </param>
            <param index="1">
              <value>
                <![CDATA[Sachdeva]]>
              </value>
            </param>
            <param index="2">
              <value>
                <![CDATA[atishay.sach1415@gmail.com]]>
              </value>
            </param>
            <param index="3">
              <value>
                <![CDATA[8954170059]]>
              </value>
            </param>
            <param index="4">
              <value>
                <![CDATA[Uttrakhand]]>
              </value>
            </param>
            <param index="5">
              <value>
                <![CDATA[Dehradun]]>
              </value>
            </param>
            <param index="6">
              <value>
                <![CDATA[14021995]]>
              </value>
            </param>
            <param index="7">
              <value>
                <![CDATA[LTI]]>
              </value>
            </param>
          </params>
          <reporter-output>
          </reporter-output>
        </test-method> <!-- addNewContactTest -->
        <test-method status="PASS" signature="tearDown()[pri:0, instance:com.contactsApp.testCases.addContactPageTest@90f6bfd]" name="tearDown" is-config="true" duration-ms="758" started-at="2021-03-30T23:41:52Z" finished-at="2021-03-30T23:41:53Z">
          <reporter-output>
          </reporter-output>
        </test-method> <!-- tearDown -->
        <test-method status="PASS" signature="setup()[pri:0, instance:com.contactsApp.testCases.addContactPageTest@90f6bfd]" name="setup" is-config="true" duration-ms="10614" started-at="2021-03-30T23:41:53Z" finished-at="2021-03-30T23:42:03Z">
          <reporter-output>
          </reporter-output>
        </test-method> <!-- setup -->
        <test-method status="PASS" signature="addNewContactTest(java.lang.String, java.lang.String, java.lang.String, java.lang.String, java.lang.String, java.lang.String, java.lang.String, java.lang.String)[pri:2, instance:com.contactsApp.testCases.addContactPageTest@90f6bfd]" name="addNewContactTest" duration-ms="1427" started-at="2021-03-30T23:42:03Z" data-provider="getContactsTestData" finished-at="2021-03-30T23:42:05Z">
          <params>
            <param index="0">
              <value>
                <![CDATA[Rajat]]>
              </value>
            </param>
            <param index="1">
              <value>
                <![CDATA[Pancholy]]>
              </value>
            </param>
            <param index="2">
              <value>
                <![CDATA[pancholi@testmail.com]]>
              </value>
            </param>
            <param index="3">
              <value>
                <![CDATA[9571445566]]>
              </value>
            </param>
            <param index="4">
              <value>
                <![CDATA[Rajasthan]]>
              </value>
            </param>
            <param index="5">
              <value>
                <![CDATA[Jaipur]]>
              </value>
            </param>
            <param index="6">
              <value>
                <![CDATA[06031995]]>
              </value>
            </param>
            <param index="7">
              <value>
                <![CDATA[LTI]]>
              </value>
            </param>
          </params>
          <reporter-output>
          </reporter-output>
        </test-method> <!-- addNewContactTest -->
        <test-method status="PASS" signature="tearDown()[pri:0, instance:com.contactsApp.testCases.addContactPageTest@90f6bfd]" name="tearDown" is-config="true" duration-ms="777" started-at="2021-03-30T23:42:05Z" finished-at="2021-03-30T23:42:06Z">
          <reporter-output>
          </reporter-output>
        </test-method> <!-- tearDown -->
        <test-method status="PASS" signature="setup()[pri:0, instance:com.contactsApp.testCases.addContactPageTest@90f6bfd]" name="setup" is-config="true" duration-ms="9948" started-at="2021-03-30T23:42:06Z" finished-at="2021-03-30T23:42:16Z">
          <reporter-output>
          </reporter-output>
        </test-method> <!-- setup -->
        <test-method status="PASS" signature="addNewContactTest(java.lang.String, java.lang.String, java.lang.String, java.lang.String, java.lang.String, java.lang.String, java.lang.String, java.lang.String)[pri:2, instance:com.contactsApp.testCases.addContactPageTest@90f6bfd]" name="addNewContactTest" duration-ms="1428" started-at="2021-03-30T23:42:16Z" data-provider="getContactsTestData" finished-at="2021-03-30T23:42:17Z">
          <params>
            <param index="0">
              <value>
                <![CDATA[Pankaj]]>
              </value>
            </param>
            <param index="1">
              <value>
                <![CDATA[Tailor]]>
              </value>
            </param>
            <param index="2">
              <value>
                <![CDATA[test@mail1.com]]>
              </value>
            </param>
            <param index="3">
              <value>
                <![CDATA[8650991485]]>
              </value>
            </param>
            <param index="4">
              <value>
                <![CDATA[Rajasthan]]>
              </value>
            </param>
            <param index="5">
              <value>
                <![CDATA[Jaipur]]>
              </value>
            </param>
            <param index="6">
              <value>
                <![CDATA[20081994]]>
              </value>
            </param>
            <param index="7">
              <value>
                <![CDATA[LTI]]>
              </value>
            </param>
          </params>
          <reporter-output>
          </reporter-output>
        </test-method> <!-- addNewContactTest -->
        <test-method status="PASS" signature="tearDown()[pri:0, instance:com.contactsApp.testCases.addContactPageTest@90f6bfd]" name="tearDown" is-config="true" duration-ms="944" started-at="2021-03-30T23:42:17Z" finished-at="2021-03-30T23:42:18Z">
          <reporter-output>
          </reporter-output>
        </test-method> <!-- tearDown -->
        <test-method status="PASS" signature="setup()[pri:0, instance:com.contactsApp.testCases.addContactPageTest@90f6bfd]" name="setup" is-config="true" duration-ms="10152" started-at="2021-03-30T23:42:18Z" finished-at="2021-03-30T23:42:28Z">
          <reporter-output>
          </reporter-output>
        </test-method> <!-- setup -->
        <test-method status="PASS" signature="addNewContactTest(java.lang.String, java.lang.String, java.lang.String, java.lang.String, java.lang.String, java.lang.String, java.lang.String, java.lang.String)[pri:2, instance:com.contactsApp.testCases.addContactPageTest@90f6bfd]" name="addNewContactTest" duration-ms="1462" started-at="2021-03-30T23:42:28Z" data-provider="getContactsTestData" finished-at="2021-03-30T23:42:30Z">
          <params>
            <param index="0">
              <value>
                <![CDATA[Sudhanshu]]>
              </value>
            </param>
            <param index="1">
              <value>
                <![CDATA[Chauhan]]>
              </value>
            </param>
            <param index="2">
              <value>
                <![CDATA[test@mail1.com]]>
              </value>
            </param>
            <param index="3">
              <value>
                <![CDATA[8279467396]]>
              </value>
            </param>
            <param index="4">
              <value>
                <![CDATA[Uttar Pradesh]]>
              </value>
            </param>
            <param index="5">
              <value>
                <![CDATA[Mainpuri]]>
              </value>
            </param>
            <param index="6">
              <value>
                <![CDATA[01061996]]>
              </value>
            </param>
            <param index="7">
              <value>
                <![CDATA[Coforge]]>
              </value>
            </param>
          </params>
          <reporter-output>
          </reporter-output>
        </test-method> <!-- addNewContactTest -->
        <test-method status="PASS" signature="tearDown()[pri:0, instance:com.contactsApp.testCases.addContactPageTest@90f6bfd]" name="tearDown" is-config="true" duration-ms="767" started-at="2021-03-30T23:42:30Z" finished-at="2021-03-30T23:42:30Z">
          <reporter-output>
          </reporter-output>
        </test-method> <!-- tearDown -->
        <test-method status="PASS" signature="setup()[pri:0, instance:com.contactsApp.testCases.addContactPageTest@90f6bfd]" name="setup" is-config="true" duration-ms="10042" started-at="2021-03-30T23:42:30Z" finished-at="2021-03-30T23:42:40Z">
          <reporter-output>
          </reporter-output>
        </test-method> <!-- setup -->
        <test-method status="PASS" signature="addNewContactTest(java.lang.String, java.lang.String, java.lang.String, java.lang.String, java.lang.String, java.lang.String, java.lang.String, java.lang.String)[pri:2, instance:com.contactsApp.testCases.addContactPageTest@90f6bfd]" name="addNewContactTest" duration-ms="1584" started-at="2021-03-30T23:42:40Z" data-provider="getContactsTestData" finished-at="2021-03-30T23:42:42Z">
          <params>
            <param index="0">
              <value>
                <![CDATA[Monil]]>
              </value>
            </param>
            <param index="1">
              <value>
                <![CDATA[Sogani]]>
              </value>
            </param>
            <param index="2">
              <value>
                <![CDATA[test@mail1.com]]>
              </value>
            </param>
            <param index="3">
              <value>
                <![CDATA[9627231735]]>
              </value>
            </param>
            <param index="4">
              <value>
                <![CDATA[Rajasthan]]>
              </value>
            </param>
            <param index="5">
              <value>
                <![CDATA[Kota]]>
              </value>
            </param>
            <param index="6">
              <value>
                <![CDATA[17011997]]>
              </value>
            </param>
            <param index="7">
              <value>
                <![CDATA[Business]]>
              </value>
            </param>
          </params>
          <reporter-output>
          </reporter-output>
        </test-method> <!-- addNewContactTest -->
        <test-method status="PASS" signature="tearDown()[pri:0, instance:com.contactsApp.testCases.addContactPageTest@90f6bfd]" name="tearDown" is-config="true" duration-ms="879" started-at="2021-03-30T23:42:42Z" finished-at="2021-03-30T23:42:43Z">
          <reporter-output>
          </reporter-output>
        </test-method> <!-- tearDown -->
        <test-method status="PASS" signature="setup()[pri:0, instance:com.contactsApp.testCases.addContactPageTest@90f6bfd]" name="setup" is-config="true" duration-ms="9995" started-at="2021-03-30T23:42:43Z" finished-at="2021-03-30T23:42:53Z">
          <reporter-output>
          </reporter-output>
        </test-method> <!-- setup -->
        <test-method status="PASS" signature="addNewContactTest(java.lang.String, java.lang.String, java.lang.String, java.lang.String, java.lang.String, java.lang.String, java.lang.String, java.lang.String)[pri:2, instance:com.contactsApp.testCases.addContactPageTest@90f6bfd]" name="addNewContactTest" duration-ms="1321" started-at="2021-03-30T23:42:53Z" data-provider="getContactsTestData" finished-at="2021-03-30T23:42:54Z">
          <params>
            <param index="0">
              <value>
                <![CDATA[Shashank]]>
              </value>
            </param>
            <param index="1">
              <value>
                <![CDATA[Iyyer]]>
              </value>
            </param>
            <param index="2">
              <value>
                <![CDATA[test@mail1.com]]>
              </value>
            </param>
            <param index="3">
              <value>
                <![CDATA[8447733803]]>
              </value>
            </param>
            <param index="4">
              <value>
                <![CDATA[Haryana]]>
              </value>
            </param>
            <param index="5">
              <value>
                <![CDATA[Gurugram]]>
              </value>
            </param>
            <param index="6">
              <value>
                <![CDATA[19021996]]>
              </value>
            </param>
            <param index="7">
              <value>
                <![CDATA[Rakuten]]>
              </value>
            </param>
          </params>
          <reporter-output>
          </reporter-output>
        </test-method> <!-- addNewContactTest -->
        <test-method status="PASS" signature="tearDown()[pri:0, instance:com.contactsApp.testCases.addContactPageTest@90f6bfd]" name="tearDown" is-config="true" duration-ms="1099" started-at="2021-03-30T23:42:54Z" finished-at="2021-03-30T23:42:55Z">
          <reporter-output>
          </reporter-output>
        </test-method> <!-- tearDown -->
        <test-method status="PASS" signature="setup()[pri:0, instance:com.contactsApp.testCases.addContactPageTest@90f6bfd]" name="setup" is-config="true" duration-ms="10213" started-at="2021-03-30T23:42:55Z" finished-at="2021-03-30T23:43:05Z">
          <reporter-output>
          </reporter-output>
        </test-method> <!-- setup -->
        <test-method status="PASS" signature="addNewContactTest(java.lang.String, java.lang.String, java.lang.String, java.lang.String, java.lang.String, java.lang.String, java.lang.String, java.lang.String)[pri:2, instance:com.contactsApp.testCases.addContactPageTest@90f6bfd]" name="addNewContactTest" duration-ms="1487" started-at="2021-03-30T23:43:05Z" data-provider="getContactsTestData" finished-at="2021-03-30T23:43:07Z">
          <params>
            <param index="0">
              <value>
                <![CDATA[Shreyas]]>
              </value>
            </param>
            <param index="1">
              <value>
                <![CDATA[Shubham]]>
              </value>
            </param>
            <param index="2">
              <value>
                <![CDATA[test@mail1.com]]>
              </value>
            </param>
            <param index="3">
              <value>
                <![CDATA[8279767480]]>
              </value>
            </param>
            <param index="4">
              <value>
                <![CDATA[Delhi]]>
              </value>
            </param>
            <param index="5">
              <value>
                <![CDATA[New Delhi]]>
              </value>
            </param>
            <param index="6">
              <value>
                <![CDATA[03031996]]>
              </value>
            </param>
            <param index="7">
              <value>
                <![CDATA[Higher Education]]>
              </value>
            </param>
          </params>
          <reporter-output>
          </reporter-output>
        </test-method> <!-- addNewContactTest -->
        <test-method status="PASS" signature="tearDown()[pri:0, instance:com.contactsApp.testCases.addContactPageTest@90f6bfd]" name="tearDown" is-config="true" duration-ms="770" started-at="2021-03-30T23:43:07Z" finished-at="2021-03-30T23:43:08Z">
          <reporter-output>
          </reporter-output>
        </test-method> <!-- tearDown -->
        <test-method status="PASS" signature="setup()[pri:0, instance:com.contactsApp.testCases.addContactPageTest@90f6bfd]" name="setup" is-config="true" duration-ms="11108" started-at="2021-03-30T23:43:08Z" finished-at="2021-03-30T23:43:19Z">
          <reporter-output>
          </reporter-output>
        </test-method> <!-- setup -->
        <test-method status="PASS" signature="addNewContactTest(java.lang.String, java.lang.String, java.lang.String, java.lang.String, java.lang.String, java.lang.String, java.lang.String, java.lang.String)[pri:2, instance:com.contactsApp.testCases.addContactPageTest@90f6bfd]" name="addNewContactTest" duration-ms="1509" started-at="2021-03-30T23:43:19Z" data-provider="getContactsTestData" finished-at="2021-03-30T23:43:20Z">
          <params>
            <param index="0">
              <value>
                <![CDATA[Aashutosh]]>
              </value>
            </param>
            <param index="1">
              <value>
                <![CDATA[Tomar]]>
              </value>
            </param>
            <param index="2">
              <value>
                <![CDATA[test@mail1.com]]>
              </value>
            </param>
            <param index="3">
              <value>
                <![CDATA[7999649960]]>
              </value>
            </param>
            <param index="4">
              <value>
                <![CDATA[Madhya Pradesh]]>
              </value>
            </param>
            <param index="5">
              <value>
                <![CDATA[Indore]]>
              </value>
            </param>
            <param index="6">
              <value>
                <![CDATA[21081996]]>
              </value>
            </param>
            <param index="7">
              <value>
                <![CDATA[Business]]>
              </value>
            </param>
          </params>
          <reporter-output>
          </reporter-output>
        </test-method> <!-- addNewContactTest -->
        <test-method status="PASS" signature="tearDown()[pri:0, instance:com.contactsApp.testCases.addContactPageTest@90f6bfd]" name="tearDown" is-config="true" duration-ms="770" started-at="2021-03-30T23:43:20Z" finished-at="2021-03-30T23:43:21Z">
          <reporter-output>
          </reporter-output>
        </test-method> <!-- tearDown -->
        <test-method status="PASS" signature="setup()[pri:0, instance:com.contactsApp.testCases.addContactPageTest@90f6bfd]" name="setup" is-config="true" duration-ms="10023" started-at="2021-03-30T23:43:21Z" finished-at="2021-03-30T23:43:31Z">
          <reporter-output>
          </reporter-output>
        </test-method> <!-- setup -->
        <test-method status="PASS" signature="addNewContactTest(java.lang.String, java.lang.String, java.lang.String, java.lang.String, java.lang.String, java.lang.String, java.lang.String, java.lang.String)[pri:2, instance:com.contactsApp.testCases.addContactPageTest@90f6bfd]" name="addNewContactTest" duration-ms="1387" started-at="2021-03-30T23:43:31Z" data-provider="getContactsTestData" finished-at="2021-03-30T23:43:33Z">
          <params>
            <param index="0">
              <value>
                <![CDATA[Pratyush]]>
              </value>
            </param>
            <param index="1">
              <value>
                <![CDATA[Baldwa]]>
              </value>
            </param>
            <param index="2">
              <value>
                <![CDATA[test@mail1.com]]>
              </value>
            </param>
            <param index="3">
              <value>
                <![CDATA[8839905684]]>
              </value>
            </param>
            <param index="4">
              <value>
                <![CDATA[Madhya Pradesh]]>
              </value>
            </param>
            <param index="5">
              <value>
                <![CDATA[Indore]]>
              </value>
            </param>
            <param index="6">
              <value>
                <![CDATA[24061996]]>
              </value>
            </param>
            <param index="7">
              <value>
                <![CDATA[LTI]]>
              </value>
            </param>
          </params>
          <reporter-output>
          </reporter-output>
        </test-method> <!-- addNewContactTest -->
        <test-method status="PASS" signature="tearDown()[pri:0, instance:com.contactsApp.testCases.addContactPageTest@90f6bfd]" name="tearDown" is-config="true" duration-ms="776" started-at="2021-03-30T23:43:33Z" finished-at="2021-03-30T23:43:33Z">
          <reporter-output>
          </reporter-output>
        </test-method> <!-- tearDown -->
        <test-method status="PASS" signature="setup()[pri:0, instance:com.contactsApp.testCases.addContactPageTest@90f6bfd]" name="setup" is-config="true" duration-ms="10063" started-at="2021-03-30T23:43:33Z" finished-at="2021-03-30T23:43:43Z">
          <reporter-output>
          </reporter-output>
        </test-method> <!-- setup -->
        <test-method status="PASS" signature="addNewContactTest(java.lang.String, java.lang.String, java.lang.String, java.lang.String, java.lang.String, java.lang.String, java.lang.String, java.lang.String)[pri:2, instance:com.contactsApp.testCases.addContactPageTest@90f6bfd]" name="addNewContactTest" duration-ms="1415" started-at="2021-03-30T23:43:43Z" data-provider="getContactsTestData" finished-at="2021-03-30T23:43:45Z">
          <params>
            <param index="0">
              <value>
                <![CDATA[Anita]]>
              </value>
            </param>
            <param index="1">
              <value>
                <![CDATA[Bhandari]]>
              </value>
            </param>
            <param index="2">
              <value>
                <![CDATA[test@mail1.com]]>
              </value>
            </param>
            <param index="3">
              <value>
                <![CDATA[8805992238]]>
              </value>
            </param>
            <param index="4">
              <value>
                <![CDATA[Maharashtra]]>
              </value>
            </param>
            <param index="5">
              <value>
                <![CDATA[Pune]]>
              </value>
            </param>
            <param index="6">
              <value>
                <![CDATA[26121995]]>
              </value>
            </param>
            <param index="7">
              <value>
                <![CDATA[LTI]]>
              </value>
            </param>
          </params>
          <reporter-output>
          </reporter-output>
        </test-method> <!-- addNewContactTest -->
        <test-method status="PASS" signature="tearDown()[pri:0, instance:com.contactsApp.testCases.addContactPageTest@90f6bfd]" name="tearDown" is-config="true" duration-ms="756" started-at="2021-03-30T23:43:45Z" finished-at="2021-03-30T23:43:46Z">
          <reporter-output>
          </reporter-output>
        </test-method> <!-- tearDown -->
        <test-method status="PASS" signature="setup()[pri:0, instance:com.contactsApp.testCases.addContactPageTest@90f6bfd]" name="setup" is-config="true" duration-ms="10952" started-at="2021-03-30T23:43:46Z" finished-at="2021-03-30T23:43:57Z">
          <reporter-output>
          </reporter-output>
        </test-method> <!-- setup -->
        <test-method status="PASS" signature="addNewContactTest(java.lang.String, java.lang.String, java.lang.String, java.lang.String, java.lang.String, java.lang.String, java.lang.String, java.lang.String)[pri:2, instance:com.contactsApp.testCases.addContactPageTest@90f6bfd]" name="addNewContactTest" duration-ms="1428" started-at="2021-03-30T23:43:57Z" data-provider="getContactsTestData" finished-at="2021-03-30T23:43:58Z">
          <params>
            <param index="0">
              <value>
                <![CDATA[Gaurav]]>
              </value>
            </param>
            <param index="1">
              <value>
                <![CDATA[Khatri]]>
              </value>
            </param>
            <param index="2">
              <value>
                <![CDATA[test@mail1.com]]>
              </value>
            </param>
            <param index="3">
              <value>
                <![CDATA[9012400003]]>
              </value>
            </param>
            <param index="4">
              <value>
                <![CDATA[Uttrakhand]]>
              </value>
            </param>
            <param index="5">
              <value>
                <![CDATA[Nainital]]>
              </value>
            </param>
            <param index="6">
              <value>
                <![CDATA[10051996]]>
              </value>
            </param>
            <param index="7">
              <value>
                <![CDATA[LTI]]>
              </value>
            </param>
          </params>
          <reporter-output>
          </reporter-output>
        </test-method> <!-- addNewContactTest -->
        <test-method status="PASS" signature="tearDown()[pri:0, instance:com.contactsApp.testCases.addContactPageTest@90f6bfd]" name="tearDown" is-config="true" duration-ms="771" started-at="2021-03-30T23:43:58Z" finished-at="2021-03-30T23:43:59Z">
          <reporter-output>
          </reporter-output>
        </test-method> <!-- tearDown -->
        <test-method status="PASS" signature="setup()[pri:0, instance:com.contactsApp.testCases.addContactPageTest@90f6bfd]" name="setup" is-config="true" duration-ms="9891" started-at="2021-03-30T23:43:59Z" finished-at="2021-03-30T23:44:09Z">
          <reporter-output>
          </reporter-output>
        </test-method> <!-- setup -->
        <test-method status="PASS" signature="addNewContactTest(java.lang.String, java.lang.String, java.lang.String, java.lang.String, java.lang.String, java.lang.String, java.lang.String, java.lang.String)[pri:2, instance:com.contactsApp.testCases.addContactPageTest@90f6bfd]" name="addNewContactTest" duration-ms="1333" started-at="2021-03-30T23:44:09Z" data-provider="getContactsTestData" finished-at="2021-03-30T23:44:10Z">
          <params>
            <param index="0">
              <value>
                <![CDATA[Utkarsh]]>
              </value>
            </param>
            <param index="1">
              <value>
                <![CDATA[Arya]]>
              </value>
            </param>
            <param index="2">
              <value>
                <![CDATA[test@mail1.com]]>
              </value>
            </param>
            <param index="3">
              <value>
                <![CDATA[7987437518]]>
              </value>
            </param>
            <param index="4">
              <value>
                <![CDATA[Madhya Pradesh]]>
              </value>
            </param>
            <param index="5">
              <value>
                <![CDATA[Indore]]>
              </value>
            </param>
            <param index="6">
              <value>
                <![CDATA[29051997]]>
              </value>
            </param>
            <param index="7">
              <value>
                <![CDATA[LTI]]>
              </value>
            </param>
          </params>
          <reporter-output>
          </reporter-output>
        </test-method> <!-- addNewContactTest -->
        <test-method status="PASS" signature="tearDown()[pri:0, instance:com.contactsApp.testCases.addContactPageTest@90f6bfd]" name="tearDown" is-config="true" duration-ms="858" started-at="2021-03-30T23:44:10Z" finished-at="2021-03-30T23:44:11Z">
          <reporter-output>
          </reporter-output>
        </test-method> <!-- tearDown -->
        <test-method status="PASS" signature="setup()[pri:0, instance:com.contactsApp.testCases.addContactPageTest@90f6bfd]" name="setup" is-config="true" duration-ms="10471" started-at="2021-03-30T23:44:11Z" finished-at="2021-03-30T23:44:21Z">
          <reporter-output>
          </reporter-output>
        </test-method> <!-- setup -->
        <test-method status="PASS" signature="addNewContactTest(java.lang.String, java.lang.String, java.lang.String, java.lang.String, java.lang.String, java.lang.String, java.lang.String, java.lang.String)[pri:2, instance:com.contactsApp.testCases.addContactPageTest@90f6bfd]" name="addNewContactTest" duration-ms="1367" started-at="2021-03-30T23:44:21Z" data-provider="getContactsTestData" finished-at="2021-03-30T23:44:23Z">
          <params>
            <param index="0">
              <value>
                <![CDATA[Apeksha]]>
              </value>
            </param>
            <param index="1">
              <value>
                <![CDATA[Bhandari]]>
              </value>
            </param>
            <param index="2">
              <value>
                <![CDATA[test@mail1.com]]>
              </value>
            </param>
            <param index="3">
              <value>
                <![CDATA[9901868510]]>
              </value>
            </param>
            <param index="4">
              <value>
                <![CDATA[Karnataka]]>
              </value>
            </param>
            <param index="5">
              <value>
                <![CDATA[Bengaluru]]>
              </value>
            </param>
            <param index="6">
              <value>
                <![CDATA[06091995]]>
              </value>
            </param>
            <param index="7">
              <value>
                <![CDATA[LTI]]>
              </value>
            </param>
          </params>
          <reporter-output>
          </reporter-output>
        </test-method> <!-- addNewContactTest -->
        <test-method status="PASS" signature="tearDown()[pri:0, instance:com.contactsApp.testCases.addContactPageTest@90f6bfd]" name="tearDown" is-config="true" duration-ms="1560" started-at="2021-03-30T23:44:23Z" finished-at="2021-03-30T23:44:24Z">
          <reporter-output>
          </reporter-output>
        </test-method> <!-- tearDown -->
        <test-method status="PASS" signature="setup()[pri:0, instance:com.contactsApp.testCases.addContactPageTest@90f6bfd]" name="setup" is-config="true" duration-ms="10287" started-at="2021-03-30T23:44:24Z" finished-at="2021-03-30T23:44:34Z">
          <reporter-output>
          </reporter-output>
        </test-method> <!-- setup -->
        <test-method status="PASS" signature="addNewContactTest(java.lang.String, java.lang.String, java.lang.String, java.lang.String, java.lang.String, java.lang.String, java.lang.String, java.lang.String)[pri:2, instance:com.contactsApp.testCases.addContactPageTest@90f6bfd]" name="addNewContactTest" duration-ms="1406" started-at="2021-03-30T23:44:34Z" data-provider="getContactsTestData" finished-at="2021-03-30T23:44:36Z">
          <params>
            <param index="0">
              <value>
                <![CDATA[Aman]]>
              </value>
            </param>
            <param index="1">
              <value>
                <![CDATA[Bhatt]]>
              </value>
            </param>
            <param index="2">
              <value>
                <![CDATA[test@mail1.com]]>
              </value>
            </param>
            <param index="3">
              <value>
                <![CDATA[9950602792]]>
              </value>
            </param>
            <param index="4">
              <value>
                <![CDATA[Rajasthan]]>
              </value>
            </param>
            <param index="5">
              <value>
                <![CDATA[Jaipur]]>
              </value>
            </param>
            <param index="6">
              <value>
                <![CDATA[20051995]]>
              </value>
            </param>
            <param index="7">
              <value>
                <![CDATA[LTI]]>
              </value>
            </param>
          </params>
          <reporter-output>
          </reporter-output>
        </test-method> <!-- addNewContactTest -->
        <test-method status="PASS" signature="tearDown()[pri:0, instance:com.contactsApp.testCases.addContactPageTest@90f6bfd]" name="tearDown" is-config="true" duration-ms="751" started-at="2021-03-30T23:44:36Z" finished-at="2021-03-30T23:44:37Z">
          <reporter-output>
          </reporter-output>
        </test-method> <!-- tearDown -->
        <test-method status="PASS" signature="setup()[pri:0, instance:com.contactsApp.testCases.addContactPageTest@90f6bfd]" name="setup" is-config="true" duration-ms="10966" started-at="2021-03-30T23:44:37Z" finished-at="2021-03-30T23:44:48Z">
          <reporter-output>
          </reporter-output>
        </test-method> <!-- setup -->
        <test-method status="PASS" signature="addNewContactTest(java.lang.String, java.lang.String, java.lang.String, java.lang.String, java.lang.String, java.lang.String, java.lang.String, java.lang.String)[pri:2, instance:com.contactsApp.testCases.addContactPageTest@90f6bfd]" name="addNewContactTest" duration-ms="1352" started-at="2021-03-30T23:44:48Z" data-provider="getContactsTestData" finished-at="2021-03-30T23:44:49Z">
          <params>
            <param index="0">
              <value>
                <![CDATA[Rishabh]]>
              </value>
            </param>
            <param index="1">
              <value>
                <![CDATA[Raghav]]>
              </value>
            </param>
            <param index="2">
              <value>
                <![CDATA[test@mail1.com]]>
              </value>
            </param>
            <param index="3">
              <value>
                <![CDATA[7409139973]]>
              </value>
            </param>
            <param index="4">
              <value>
                <![CDATA[Gujarat]]>
              </value>
            </param>
            <param index="5">
              <value>
                <![CDATA[Ahmedabad]]>
              </value>
            </param>
            <param index="6">
              <value>
                <![CDATA[29091995]]>
              </value>
            </param>
            <param index="7">
              <value>
                <![CDATA[ManUtd]]>
              </value>
            </param>
          </params>
          <reporter-output>
          </reporter-output>
        </test-method> <!-- addNewContactTest -->
        <test-method status="PASS" signature="tearDown()[pri:0, instance:com.contactsApp.testCases.addContactPageTest@90f6bfd]" name="tearDown" is-config="true" duration-ms="1342" started-at="2021-03-30T23:44:49Z" finished-at="2021-03-30T23:44:50Z">
          <reporter-output>
          </reporter-output>
        </test-method> <!-- tearDown -->
        <test-method status="PASS" signature="setup()[pri:0, instance:com.contactsApp.testCases.addContactPageTest@90f6bfd]" name="setup" is-config="true" duration-ms="10456" started-at="2021-03-30T23:44:50Z" finished-at="2021-03-30T23:45:01Z">
          <reporter-output>
          </reporter-output>
        </test-method> <!-- setup -->
        <test-method status="PASS" signature="addNewContactTest(java.lang.String, java.lang.String, java.lang.String, java.lang.String, java.lang.String, java.lang.String, java.lang.String, java.lang.String)[pri:2, instance:com.contactsApp.testCases.addContactPageTest@90f6bfd]" name="addNewContactTest" duration-ms="1481" started-at="2021-03-30T23:45:01Z" data-provider="getContactsTestData" finished-at="2021-03-30T23:45:02Z">
          <params>
            <param index="0">
              <value>
                <![CDATA[Himanshi]]>
              </value>
            </param>
            <param index="1">
              <value>
                <![CDATA[Aghi]]>
              </value>
            </param>
            <param index="2">
              <value>
                <![CDATA[test@mail1.com]]>
              </value>
            </param>
            <param index="3">
              <value>
                <![CDATA[8859258150]]>
              </value>
            </param>
            <param index="4">
              <value>
                <![CDATA[Chandigarh]]>
              </value>
            </param>
            <param index="5">
              <value>
                <![CDATA[Chandigarh]]>
              </value>
            </param>
            <param index="6">
              <value>
                <![CDATA[05051995]]>
              </value>
            </param>
            <param index="7">
              <value>
                <![CDATA[LTI]]>
              </value>
            </param>
          </params>
          <reporter-output>
          </reporter-output>
        </test-method> <!-- addNewContactTest -->
        <test-method status="PASS" signature="tearDown()[pri:0, instance:com.contactsApp.testCases.addContactPageTest@90f6bfd]" name="tearDown" is-config="true" duration-ms="784" started-at="2021-03-30T23:45:02Z" finished-at="2021-03-30T23:45:03Z">
          <reporter-output>
          </reporter-output>
        </test-method> <!-- tearDown -->
      </class> <!-- com.contactsApp.testCases.addContactPageTest -->
    </test> <!-- Default test -->
  </suite> <!-- Default suite -->
</testng-results>
